  Appliance_Battery_GridCost_Reward.cpp
C:\Users\dell\Documents\NoMASS-Release-72019\NoMASSv1.1-src\FMU\FMU\Source\Log/Log.hpp(28): warning C4117: macro name '__FUNCTION__' is reserved, '#define' ignored
  Building.cpp
C:\Users\dell\Documents\NoMASS-Release-72019\NoMASSv1.1-src\FMU\FMU\Source\Log/Log.hpp(28): warning C4117: macro name '__FUNCTION__' is reserved, '#define' ignored
C:\Users\dell\Documents\NoMASS-Release-72019\NoMASSv1.1-src\FMU\FMU\Source\Building\Building.cpp(48): warning C4267: 'initializing': conversion from 'size_t' to 'int', possible loss of data
C:\Users\dell\Documents\NoMASS-Release-72019\NoMASSv1.1-src\FMU\FMU\Source\Building\Building.cpp(125): warning C4267: 'initializing': conversion from 'size_t' to 'int', possible loss of data
  Building_Zone.cpp
C:\Users\dell\Documents\NoMASS-Release-72019\NoMASSv1.1-src\FMU\FMU\Source\Log/Log.hpp(28): warning C4117: macro name '__FUNCTION__' is reserved, '#define' ignored
C:\Users\dell\Documents\NoMASS-Release-72019\NoMASSv1.1-src\FMU\FMU\Source\Building\Building_Zone.cpp(104): warning C4244: 'argument': conversion from 'double' to 'const float', possible loss of data
C:\Users\dell\Documents\NoMASS-Release-72019\NoMASSv1.1-src\FMU\FMU\Source\Building\Building_Zone.cpp(105): warning C4244: 'argument': conversion from 'double' to 'const float', possible loss of data
C:\Users\dell\Documents\NoMASS-Release-72019\NoMASSv1.1-src\FMU\FMU\Source\Building\Building_Zone.cpp(117): warning C4244: 'argument': conversion from 'double' to 'const float', possible loss of data
C:\Users\dell\Documents\NoMASS-Release-72019\NoMASSv1.1-src\FMU\FMU\Source\Building\Building_Zone.cpp(118): warning C4244: 'argument': conversion from 'double' to 'const float', possible loss of data
C:\Users\dell\Documents\NoMASS-Release-72019\NoMASSv1.1-src\FMU\FMU\Source\Building\Building_Zone.cpp(119): warning C4244: 'argument': conversion from 'double' to 'const float', possible loss of data
C:\Users\dell\Documents\NoMASS-Release-72019\NoMASSv1.1-src\FMU\FMU\Source\Building\Building_Zone.cpp(200): warning C4244: 'return': conversion from 'const double' to 'float', possible loss of data
C:\Users\dell\Documents\NoMASS-Release-72019\NoMASSv1.1-src\FMU\FMU\Source\Building\Building_Zone.cpp(261): warning C4267: 'return': conversion from 'size_t' to 'int', possible loss of data
  Occupant.cpp
C:\Users\dell\Documents\NoMASS-Release-72019\NoMASSv1.1-src\FMU\FMU\Source\Log/Log.hpp(28): warning C4117: macro name '__FUNCTION__' is reserved, '#define' ignored
C:\Users\dell\Documents\NoMASS-Release-72019\NoMASSv1.1-src\FMU\FMU\Source\Occupants\Occupant.cpp(166): warning C4244: 'initializing': conversion from 'double' to 'int', possible loss of data
C:\Users\dell\Documents\NoMASS-Release-72019\NoMASSv1.1-src\FMU\FMU\Source\Occupants\Occupant.cpp(191): warning C4244: 'argument': conversion from 'double' to 'const float', possible loss of data
C:\Users\dell\Documents\NoMASS-Release-72019\NoMASSv1.1-src\FMU\FMU\Source\Occupants\Occupant.cpp(193): warning C4244: 'argument': conversion from 'int' to 'const float', possible loss of data
  Occupant_Action.cpp
C:\Users\dell\Documents\NoMASS-Release-72019\NoMASSv1.1-src\FMU\FMU\Source\Occupants\Occupant_Action.cpp(43): warning C4244: 'argument': conversion from 'const double' to 'const int', possible loss of data
C:\Users\dell\Documents\NoMASS-Release-72019\NoMASSv1.1-src\FMU\FMU\Source\Occupants\Occupant_Action.cpp(49): warning C4244: 'argument': conversion from 'const double' to 'const int', possible loss of data
C:\Users\dell\Documents\NoMASS-Release-72019\NoMASSv1.1-src\FMU\FMU\Source\Occupants\Occupant_Action.cpp(66): warning C4244: 'argument': conversion from 'const double' to 'const int', possible loss of data
C:\Users\dell\Documents\NoMASS-Release-72019\NoMASSv1.1-src\FMU\FMU\Source\Occupants\Occupant_Action.cpp(80): warning C4244: 'argument': conversion from 'const double' to 'const int', possible loss of data
C:\Users\dell\Documents\NoMASS-Release-72019\NoMASSv1.1-src\FMU\FMU\Source\Occupants\Occupant_Action.cpp(84): warning C4244: 'argument': conversion from 'const double' to 'const int', possible loss of data
C:\Users\dell\Documents\NoMASS-Release-72019\NoMASSv1.1-src\FMU\FMU\Source\Occupants\Occupant_Action.cpp(101): warning C4244: '=': conversion from 'const double' to 'int', possible loss of data
  Occupant_Action_Appliance.cpp
  Occupant_Action_Appliance_BDI.cpp
C:\Users\dell\Documents\NoMASS-Release-72019\NoMASSv1.1-src\FMU\FMU\Source\Occupants\Occupant_Action_Appliance_BDI.cpp(62): warning C4244: 'initializing': conversion from 'double' to 'int', possible loss of data
C:\Users\dell\Documents\NoMASS-Release-72019\NoMASSv1.1-src\FMU\FMU\Source\Occupants\Occupant_Action_Appliance_BDI.cpp(82): warning C4244: '=': conversion from 'double' to 'int', possible loss of data
  Occupant_Action_Heat_Gains.cpp
C:\Users\dell\Documents\NoMASS-Release-72019\NoMASSv1.1-src\FMU\FMU\Source\Log/Log.hpp(28): warning C4117: macro name '__FUNCTION__' is reserved, '#define' ignored
C:\Users\dell\Documents\NoMASS-Release-72019\NoMASSv1.1-src\FMU\FMU\Source\Occupants\Occupant_Action_Heat_Gains.cpp(75): warning C4244: 'argument': conversion from 'double' to 'const float', possible loss of data
C:\Users\dell\Documents\NoMASS-Release-72019\NoMASSv1.1-src\FMU\FMU\Source\Occupants\Occupant_Action_Heat_Gains.cpp(76): warning C4244: 'argument': conversion from 'double' to 'const float', possible loss of data
C:\Users\dell\Documents\NoMASS-Release-72019\NoMASSv1.1-src\FMU\FMU\Source\Occupants\Occupant_Action_Heat_Gains.cpp(77): warning C4244: 'argument': conversion from 'double' to 'const float', possible loss of data
C:\Users\dell\Documents\NoMASS-Release-72019\NoMASSv1.1-src\FMU\FMU\Source\Occupants\Occupant_Action_Heat_Gains.cpp(78): warning C4244: 'argument': conversion from 'double' to 'const float', possible loss of data
C:\Users\dell\Documents\NoMASS-Release-72019\NoMASSv1.1-src\FMU\FMU\Source\Occupants\Occupant_Action_Heat_Gains.cpp(79): warning C4244: 'argument': conversion from 'double' to 'const float', possible loss of data
C:\Users\dell\Documents\NoMASS-Release-72019\NoMASSv1.1-src\FMU\FMU\Source\Occupants\Occupant_Action_Heat_Gains.cpp(80): warning C4244: 'argument': conversion from 'double' to 'const float', possible loss of data
C:\Users\dell\Documents\NoMASS-Release-72019\NoMASSv1.1-src\FMU\FMU\Source\Occupants\Occupant_Action_Heat_Gains.cpp(81): warning C4244: 'argument': conversion from 'double' to 'const float', possible loss of data
C:\Users\dell\Documents\NoMASS-Release-72019\NoMASSv1.1-src\FMU\FMU\Source\Occupants\Occupant_Action_Heat_Gains.cpp(82): warning C4244: 'argument': conversion from 'double' to 'const float', possible loss of data
  Occupant_Action_HeatingSetPoints_Learning.cpp
C:\Users\dell\Documents\NoMASS-Release-72019\NoMASSv1.1-src\FMU\FMU\Source\Log/Log.hpp(28): warning C4117: macro name '__FUNCTION__' is reserved, '#define' ignored
C:\Users\dell\Documents\NoMASS-Release-72019\NoMASSv1.1-src\FMU\FMU\Source\Occupants\Occupant_Action_HeatingSetPoints_Learning.cpp(124): warning C4244: 'argument': conversion from 'double' to 'const float', possible loss of data
C:\Users\dell\Documents\NoMASS-Release-72019\NoMASSv1.1-src\FMU\FMU\Source\Occupants\Occupant_Action_HeatingSetPoints_Learning.cpp(125): warning C4244: 'argument': conversion from 'double' to 'const float', possible loss of data
C:\Users\dell\Documents\NoMASS-Release-72019\NoMASSv1.1-src\FMU\FMU\Source\Occupants\Occupant_Action_HeatingSetPoints_Learning.cpp(178): warning C4267: 'argument': conversion from 'size_t' to 'const int', possible loss of data
C:\Users\dell\Documents\NoMASS-Release-72019\NoMASSv1.1-src\FMU\FMU\Source\Occupants\Occupant_Action_HeatingSetPoints_Learning.cpp(179): warning C4267: 'argument': conversion from 'size_t' to 'const int', possible loss of data
  Occupant_Action_Lights.cpp
C:\Users\dell\Documents\NoMASS-Release-72019\NoMASSv1.1-src\FMU\FMU\Source\Occupants\Occupant_Action_Lights.cpp(23): warning C4244: 'initializing': conversion from 'double' to 'float', possible loss of data
C:\Users\dell\Documents\NoMASS-Release-72019\NoMASSv1.1-src\FMU\FMU\Source\Occupants\Occupant_Action_Lights.cpp(37): warning C4244: 'initializing': conversion from 'double' to 'int', possible loss of data
  Occupant_Action_Lights_BDI.cpp
  Occupant_Action_Shades.cpp
C:\Users\dell\Documents\NoMASS-Release-72019\NoMASSv1.1-src\FMU\FMU\Source\Log/Log.hpp(28): warning C4117: macro name '__FUNCTION__' is reserved, '#define' ignored
C:\Users\dell\Documents\NoMASS-Release-72019\NoMASSv1.1-src\FMU\FMU\Source\Occupants\Occupant_Action_Shades.cpp(40): warning C4244: 'initializing': conversion from 'double' to 'float', possible loss of data
  Occupant_Action_Shades_BDI.cpp
C:\Users\dell\Documents\NoMASS-Release-72019\NoMASSv1.1-src\FMU\FMU\Source\Log/Log.hpp(28): warning C4117: macro name '__FUNCTION__' is reserved, '#define' ignored
  Occupant_Action_Window.cpp
C:\Users\dell\Documents\NoMASS-Release-72019\NoMASSv1.1-src\FMU\FMU\Source\Log/Log.hpp(28): warning C4117: macro name '__FUNCTION__' is reserved, '#define' ignored
C:\Users\dell\Documents\NoMASS-Release-72019\NoMASSv1.1-src\FMU\FMU\Source\Occupants\Occupant_Action_Window.cpp(38): warning C4244: 'argument': conversion from 'double' to 'const float', possible loss of data
  Occupant_Action_Window_Learning.cpp
C:\Users\dell\Documents\NoMASS-Release-72019\NoMASSv1.1-src\FMU\FMU\Source\Log/Log.hpp(28): warning C4117: macro name '__FUNCTION__' is reserved, '#define' ignored
C:\Users\dell\Documents\NoMASS-Release-72019\NoMASSv1.1-src\FMU\FMU\Source\Occupants\Occupant_Action_Window_Learning.cpp(53): warning C4244: 'initializing': conversion from 'double' to 'int', possible loss of data
C:\Users\dell\Documents\NoMASS-Release-72019\NoMASSv1.1-src\FMU\FMU\Source\Occupants\Occupant_Action_Window_Learning.cpp(54): warning C4244: 'initializing': conversion from 'double' to 'int', possible loss of data
C:\Users\dell\Documents\NoMASS-Release-72019\NoMASSv1.1-src\FMU\FMU\Source\Occupants\Occupant_Action_Window_Learning.cpp(65): warning C4244: 'initializing': conversion from 'double' to 'int', possible loss of data
C:\Users\dell\Documents\NoMASS-Release-72019\NoMASSv1.1-src\FMU\FMU\Source\Occupants\Occupant_Action_Window_Learning.cpp(84): warning C4244: 'argument': conversion from 'double' to 'const float', possible loss of data
  Occupant_Action_Window_Stochastic.cpp
C:\Users\dell\Documents\NoMASS-Release-72019\NoMASSv1.1-src\FMU\FMU\Source\Log/Log.hpp(28): warning C4117: macro name '__FUNCTION__' is reserved, '#define' ignored
C:\Users\dell\Documents\NoMASS-Release-72019\NoMASSv1.1-src\FMU\FMU\Source\Occupants\Occupant_Action_Window_Stochastic.cpp(68): warning C4244: 'argument': conversion from 'double' to 'int', possible loss of data
C:\Users\dell\Documents\NoMASS-Release-72019\NoMASSv1.1-src\FMU\FMU\Source\Occupants\Occupant_Action_Window_Stochastic.cpp(74): warning C4244: 'argument': conversion from 'double' to 'int', possible loss of data
  Occupant_Action_Window_Stochastic_BDI.cpp
C:\Users\dell\Documents\NoMASS-Release-72019\NoMASSv1.1-src\FMU\FMU\Source\Log/Log.hpp(28): warning C4117: macro name '__FUNCTION__' is reserved, '#define' ignored
C:\Users\dell\Documents\NoMASS-Release-72019\NoMASSv1.1-src\FMU\FMU\Source\Occupants\Occupant_Action_Window_Stochastic_BDI.cpp(66): warning C4244: 'initializing': conversion from 'double' to 'int', possible loss of data
C:\Users\dell\Documents\NoMASS-Release-72019\NoMASSv1.1-src\FMU\FMU\Source\Occupants\Occupant_Action_Window_Stochastic_BDI.cpp(92): warning C4244: 'initializing': conversion from 'double' to 'int', possible loss of data
C:\Users\dell\Documents\NoMASS-Release-72019\NoMASSv1.1-src\FMU\FMU\Source\Occupants\Occupant_Action_Window_Stochastic_BDI.cpp(109): warning C4244: 'initializing': conversion from 'double' to 'int', possible loss of data
  Occupant_Zone.cpp
C:\Users\dell\Documents\NoMASS-Release-72019\NoMASSv1.1-src\FMU\FMU\Source\Log/Log.hpp(28): warning C4117: macro name '__FUNCTION__' is reserved, '#define' ignored
C:\Users\dell\Documents\NoMASS-Release-72019\NoMASSv1.1-src\FMU\FMU\Source\Occupants\Occupant_Zone.cpp(367): warning C4244: 'argument': conversion from 'double' to 'const float', possible loss of data
C:\Users\dell\Documents\NoMASS-Release-72019\NoMASSv1.1-src\FMU\FMU\Source\Occupants\Occupant_Zone.cpp(407): warning C4244: 'argument': conversion from 'double' to 'const float', possible loss of data
C:\Users\dell\Documents\NoMASS-Release-72019\NoMASSv1.1-src\FMU\FMU\Source\Occupants\Occupant_Zone.cpp(467): warning C4804: '>': unsafe use of type 'bool' in operation
  Simulation.cpp
C:\Users\dell\Documents\NoMASS-Release-72019\NoMASSv1.1-src\FMU\FMU\Source\Log/Log.hpp(28): warning C4117: macro name '__FUNCTION__' is reserved, '#define' ignored
C:\Users\dell\Documents\NoMASS-Release-72019\NoMASSv1.1-src\FMU\FMU\Source\Simulation\Simulation.cpp(170): warning C4244: 'argument': conversion from 'double' to 'const float', possible loss of data
C:\Users\dell\Documents\NoMASS-Release-72019\NoMASSv1.1-src\FMU\FMU\Source\Simulation\Simulation.cpp(171): warning C4244: 'argument': conversion from 'double' to 'const float', possible loss of data
C:\Users\dell\Documents\NoMASS-Release-72019\NoMASSv1.1-src\FMU\FMU\Source\Simulation\Simulation.cpp(172): warning C4244: 'argument': conversion from 'double' to 'const float', possible loss of data
C:\Users\dell\Documents\NoMASS-Release-72019\NoMASSv1.1-src\FMU\FMU\Source\Simulation\Simulation.cpp(198): warning C4244: 'initializing': conversion from 'double' to 'int', possible loss of data
C:\Users\dell\Documents\NoMASS-Release-72019\NoMASSv1.1-src\FMU\FMU\Source\Simulation\Simulation.cpp(205): warning C4244: 'initializing': conversion from 'double' to 'int', possible loss of data
  State.cpp
C:\Users\dell\Documents\NoMASS-Release-72019\NoMASSv1.1-src\FMU\FMU\Source\Simulation\State.cpp(29): warning C4267: 'return': conversion from 'size_t' to 'unsigned int', possible loss of data
  Generating Code...
  Compiling...
  StateMachine.cpp
C:\Users\dell\Documents\NoMASS-Release-72019\NoMASSv1.1-src\FMU\FMU\Source\Simulation\StateMachine.cpp(18): warning C4267: 'return': conversion from 'size_t' to 'unsigned int', possible loss of data
  Generating Code...
  NoMASSstatic.vcxproj -> C:\Users\dell\Documents\NoMASS-Release-72019\NoMASSv1.1-src\FMU\FMU\Sln_VisualStudio\Release\NoMASSstatic.lib
