\BOOKMARK [0][-]{chapter.1}{\376\377\0001\000\040\000N\000o\000-\000M\000A\000S\000S\000-\000G\000U\000I}{}% 1
\BOOKMARK [0][-]{chapter.2}{\376\377\0002\000\040\000C\000o\000m\000p\000i\000l\000i\000n\000g\000\040\000E\000n\000e\000r\000g\000y\000P\000l\000u\000s}{}% 2
\BOOKMARK [0][-]{chapter.3}{\376\377\0003\000\040\000P\000r\000e\000r\000e\000q\000u\000i\000s\000i\000t\000e\000s}{}% 3
\BOOKMARK [0][-]{chapter.4}{\376\377\0004\000\040\000I\000m\000p\000l\000e\000m\000e\000n\000t\000a\000t\000i\000o\000n}{}% 4
\BOOKMARK [0][-]{chapter.5}{\376\377\0005\000\040\000H\000i\000e\000r\000a\000r\000c\000h\000i\000c\000a\000l\000\040\000I\000n\000d\000e\000x}{}% 5
\BOOKMARK [1][-]{section.5.1}{\376\377\0005\000.\0001\000\040\000C\000l\000a\000s\000s\000\040\000H\000i\000e\000r\000a\000r\000c\000h\000y}{chapter.5}% 6
\BOOKMARK [0][-]{chapter.6}{\376\377\0006\000\040\000C\000l\000a\000s\000s\000\040\000I\000n\000d\000e\000x}{}% 7
\BOOKMARK [1][-]{section.6.1}{\376\377\0006\000.\0001\000\040\000C\000l\000a\000s\000s\000\040\000L\000i\000s\000t}{chapter.6}% 8
\BOOKMARK [0][-]{chapter.7}{\376\377\0007\000\040\000C\000l\000a\000s\000s\000\040\000D\000o\000c\000u\000m\000e\000n\000t\000a\000t\000i\000o\000n}{}% 9
\BOOKMARK [1][-]{section.7.1}{\376\377\0007\000.\0001\000\040\000S\000i\000m\000u\000l\000a\000t\000i\000o\000n\000.\000N\000o\000M\000A\000S\000S\000M\000o\000d\000e\000l\000s\000.\000A\000g\000e\000n\000t\000H\000e\000a\000t\000G\000a\000i\000n\000s\000\040\000C\000l\000a\000s\000s\000\040\000R\000e\000f\000e\000r\000e\000n\000c\000e}{chapter.7}% 10
\BOOKMARK [2][-]{subsection.7.1.1}{\376\377\0007\000.\0001\000.\0001\000\040\000D\000e\000t\000a\000i\000l\000e\000d\000\040\000D\000e\000s\000c\000r\000i\000p\000t\000i\000o\000n}{section.7.1}% 11
\BOOKMARK [1][-]{section.7.2}{\376\377\0007\000.\0002\000\040\000A\000p\000p\000\040\000C\000l\000a\000s\000s\000\040\000R\000e\000f\000e\000r\000e\000n\000c\000e}{chapter.7}% 12
\BOOKMARK [2][-]{subsection.7.2.1}{\376\377\0007\000.\0002\000.\0001\000\040\000D\000e\000t\000a\000i\000l\000e\000d\000\040\000D\000e\000s\000c\000r\000i\000p\000t\000i\000o\000n}{section.7.2}% 13
\BOOKMARK [2][-]{subsection.7.2.2}{\376\377\0007\000.\0002\000.\0002\000\040\000M\000e\000m\000b\000e\000r\000\040\000F\000u\000n\000c\000t\000i\000o\000n\000\040\000D\000o\000c\000u\000m\000e\000n\000t\000a\000t\000i\000o\000n}{section.7.2}% 14
\BOOKMARK [3][-]{subsubsection.7.2.2.1}{\376\377\0007\000.\0002\000.\0002\000.\0001\000\040\000a\000p\000p\000e\000n\000d\000O\000c\000c\000u\000p\000a\000n\000t\000\050\000\051}{subsection.7.2.2}% 15
\BOOKMARK [3][-]{subsubsection.7.2.2.2}{\376\377\0007\000.\0002\000.\0002\000.\0002\000\040\000a\000p\000p\000e\000n\000d\000Z\000o\000n\000e\000\050\000\051}{subsection.7.2.2}% 16
\BOOKMARK [3][-]{subsubsection.7.2.2.3}{\376\377\0007\000.\0002\000.\0002\000.\0003\000\040\000c\000r\000e\000a\000t\000e\000M\000a\000i\000n\000T\000o\000o\000l\000b\000a\000r\000\050\000\051}{subsection.7.2.2}% 17
\BOOKMARK [3][-]{subsubsection.7.2.2.4}{\376\377\0007\000.\0002\000.\0002\000.\0004\000\040\000c\000r\000e\000a\000t\000e\000S\000t\000a\000t\000u\000s\000B\000a\000r\000\050\000\051}{subsection.7.2.2}% 18
\BOOKMARK [3][-]{subsubsection.7.2.2.5}{\376\377\0007\000.\0002\000.\0002\000.\0005\000\040\000e\000x\000i\000t\000C\000a\000l\000l\000b\000a\000c\000k\000\050\000\051}{subsection.7.2.2}% 19
\BOOKMARK [3][-]{subsubsection.7.2.2.6}{\376\377\0007\000.\0002\000.\0002\000.\0006\000\040\000f\000r\000e\000e\000R\000e\000s\000o\000u\000r\000c\000e\000s\000\050\000\051}{subsection.7.2.2}% 20
\BOOKMARK [3][-]{subsubsection.7.2.2.7}{\376\377\0007\000.\0002\000.\0002\000.\0007\000\040\000n\000e\000w\000P\000r\000o\000j\000e\000c\000t\000\050\000\051}{subsection.7.2.2}% 21
\BOOKMARK [3][-]{subsubsection.7.2.2.8}{\376\377\0007\000.\0002\000.\0002\000.\0008\000\040\000o\000p\000e\000n\000P\000r\000o\000j\000e\000c\000t\000\050\000\051}{subsection.7.2.2}% 22
\BOOKMARK [3][-]{subsubsection.7.2.2.9}{\376\377\0007\000.\0002\000.\0002\000.\0009\000\040\000r\000e\000s\000e\000t\000P\000r\000o\000j\000e\000c\000t\000\050\000\051}{subsection.7.2.2}% 23
\BOOKMARK [3][-]{subsubsection.7.2.2.10}{\376\377\0007\000.\0002\000.\0002\000.\0001\0000\000\040\000s\000a\000v\000e\000P\000r\000o\000j\000e\000c\000t\000\050\000\051}{subsection.7.2.2}% 24
\BOOKMARK [3][-]{subsubsection.7.2.2.11}{\376\377\0007\000.\0002\000.\0002\000.\0001\0001\000\040\000T\000r\000e\000e\000V\000i\000e\000w\000\137\000O\000n\000N\000o\000d\000e\000S\000e\000l\000e\000c\000t\000\050\000\051}{subsection.7.2.2}% 25
\BOOKMARK [1][-]{section.7.3}{\376\377\0007\000.\0003\000\040\000U\000t\000i\000l\000s\000.\000U\000I\000.\000C\000o\000n\000t\000r\000o\000l\000s\000.\000A\000u\000t\000o\000S\000c\000r\000o\000l\000l\000C\000o\000n\000t\000a\000i\000n\000e\000r\000\040\000C\000l\000a\000s\000s\000\040\000R\000e\000f\000e\000r\000e\000n\000c\000e}{chapter.7}% 26
\BOOKMARK [2][-]{subsection.7.3.1}{\376\377\0007\000.\0003\000.\0001\000\040\000D\000e\000t\000a\000i\000l\000e\000d\000\040\000D\000e\000s\000c\000r\000i\000p\000t\000i\000o\000n}{section.7.3}% 27
\BOOKMARK [2][-]{subsection.7.3.2}{\376\377\0007\000.\0003\000.\0002\000\040\000M\000e\000m\000b\000e\000r\000\040\000F\000u\000n\000c\000t\000i\000o\000n\000\040\000D\000o\000c\000u\000m\000e\000n\000t\000a\000t\000i\000o\000n}{section.7.3}% 28
\BOOKMARK [3][-]{subsubsection.7.3.2.1}{\376\377\0007\000.\0003\000.\0002\000.\0001\000\040\000O\000n\000A\000u\000t\000o\000s\000c\000r\000o\000l\000l\000\050\000\051}{subsection.7.3.2}% 29
\BOOKMARK [1][-]{section.7.4}{\376\377\0007\000.\0004\000\040\000S\000i\000m\000u\000l\000a\000t\000i\000o\000n\000.\000B\000u\000i\000l\000d\000i\000n\000g\000\040\000C\000l\000a\000s\000s\000\040\000R\000e\000f\000e\000r\000e\000n\000c\000e}{chapter.7}% 30
\BOOKMARK [2][-]{subsection.7.4.1}{\376\377\0007\000.\0004\000.\0001\000\040\000D\000e\000t\000a\000i\000l\000e\000d\000\040\000D\000e\000s\000c\000r\000i\000p\000t\000i\000o\000n}{section.7.4}% 31
\BOOKMARK [1][-]{section.7.5}{\376\377\0007\000.\0005\000\040\000U\000t\000i\000l\000s\000.\000U\000I\000.\000C\000o\000n\000t\000r\000o\000l\000s\000.\000C\000a\000s\000c\000a\000d\000i\000n\000g\000D\000r\000o\000p\000D\000o\000w\000n\000L\000i\000s\000t\000\040\000C\000l\000a\000s\000s\000\040\000R\000e\000f\000e\000r\000e\000n\000c\000e}{chapter.7}% 32
\BOOKMARK [2][-]{subsection.7.5.1}{\376\377\0007\000.\0005\000.\0001\000\040\000D\000e\000t\000a\000i\000l\000e\000d\000\040\000D\000e\000s\000c\000r\000i\000p\000t\000i\000o\000n}{section.7.5}% 33
\BOOKMARK [1][-]{section.7.6}{\376\377\0007\000.\0006\000\040\000C\000B\000u\000i\000l\000d\000i\000n\000g\000\040\000C\000l\000a\000s\000s\000\040\000R\000e\000f\000e\000r\000e\000n\000c\000e}{chapter.7}% 34
\BOOKMARK [2][-]{subsection.7.6.1}{\376\377\0007\000.\0006\000.\0001\000\040\000D\000e\000t\000a\000i\000l\000e\000d\000\040\000D\000e\000s\000c\000r\000i\000p\000t\000i\000o\000n}{section.7.6}% 35
\BOOKMARK [1][-]{section.7.7}{\376\377\0007\000.\0007\000\040\000C\000L\000i\000g\000h\000t\000s\000\040\000C\000l\000a\000s\000s\000\040\000R\000e\000f\000e\000r\000e\000n\000c\000e}{chapter.7}% 36
\BOOKMARK [2][-]{subsection.7.7.1}{\376\377\0007\000.\0007\000.\0001\000\040\000D\000e\000t\000a\000i\000l\000e\000d\000\040\000D\000e\000s\000c\000r\000i\000p\000t\000i\000o\000n}{section.7.7}% 37
\BOOKMARK [1][-]{section.7.8}{\376\377\0007\000.\0008\000\040\000C\000O\000c\000c\000u\000p\000a\000n\000t\000\040\000C\000l\000a\000s\000s\000\040\000R\000e\000f\000e\000r\000e\000n\000c\000e}{chapter.7}% 38
\BOOKMARK [2][-]{subsection.7.8.1}{\376\377\0007\000.\0008\000.\0001\000\040\000D\000e\000t\000a\000i\000l\000e\000d\000\040\000D\000e\000s\000c\000r\000i\000p\000t\000i\000o\000n}{section.7.8}% 39
\BOOKMARK [1][-]{section.7.9}{\376\377\0007\000.\0009\000\040\000C\000O\000c\000c\000u\000p\000a\000n\000t\000T\000e\000m\000p\000l\000a\000t\000e\000\040\000C\000l\000a\000s\000s\000\040\000R\000e\000f\000e\000r\000e\000n\000c\000e}{chapter.7}% 40
\BOOKMARK [2][-]{subsection.7.9.1}{\376\377\0007\000.\0009\000.\0001\000\040\000D\000e\000t\000a\000i\000l\000e\000d\000\040\000D\000e\000s\000c\000r\000i\000p\000t\000i\000o\000n}{section.7.9}% 41
\BOOKMARK [1][-]{section.7.10}{\376\377\0007\000.\0001\0000\000\040\000U\000t\000i\000l\000s\000.\000U\000I\000.\000C\000o\000n\000t\000r\000o\000l\000s\000.\000C\000o\000l\000l\000a\000p\000s\000i\000b\000l\000e\000F\000r\000a\000m\000e\000\040\000C\000l\000a\000s\000s\000\040\000R\000e\000f\000e\000r\000e\000n\000c\000e}{chapter.7}% 42
\BOOKMARK [2][-]{subsection.7.10.1}{\376\377\0007\000.\0001\0000\000.\0001\000\040\000D\000e\000t\000a\000i\000l\000e\000d\000\040\000D\000e\000s\000c\000r\000i\000p\000t\000i\000o\000n}{section.7.10}% 43
\BOOKMARK [1][-]{section.7.11}{\376\377\0007\000.\0001\0001\000\040\000U\000t\000i\000l\000s\000.\000C\000o\000n\000f\000i\000g\000\040\000C\000l\000a\000s\000s\000\040\000R\000e\000f\000e\000r\000e\000n\000c\000e}{chapter.7}% 44
\BOOKMARK [2][-]{subsection.7.11.1}{\376\377\0007\000.\0001\0001\000.\0001\000\040\000D\000e\000t\000a\000i\000l\000e\000d\000\040\000D\000e\000s\000c\000r\000i\000p\000t\000i\000o\000n}{section.7.11}% 45
\BOOKMARK [2][-]{subsection.7.11.2}{\376\377\0007\000.\0001\0001\000.\0002\000\040\000M\000e\000m\000b\000e\000r\000\040\000F\000u\000n\000c\000t\000i\000o\000n\000\040\000D\000o\000c\000u\000m\000e\000n\000t\000a\000t\000i\000o\000n}{section.7.11}% 46
\BOOKMARK [3][-]{subsubsection.7.11.2.1}{\376\377\0007\000.\0001\0001\000.\0002\000.\0001\000\040\000g\000e\000t\000C\000a\000t\000a\000l\000o\000g\000\050\000\051}{subsection.7.11.2}% 47
\BOOKMARK [1][-]{section.7.12}{\376\377\0007\000.\0001\0002\000\040\000U\000t\000i\000l\000s\000.\000C\000o\000n\000s\000t\000a\000n\000t\000s\000\040\000C\000l\000a\000s\000s\000\040\000R\000e\000f\000e\000r\000e\000n\000c\000e}{chapter.7}% 48
\BOOKMARK [2][-]{subsection.7.12.1}{\376\377\0007\000.\0001\0002\000.\0001\000\040\000D\000e\000t\000a\000i\000l\000e\000d\000\040\000D\000e\000s\000c\000r\000i\000p\000t\000i\000o\000n}{section.7.12}% 49
\BOOKMARK [1][-]{section.7.13}{\376\377\0007\000.\0001\0003\000\040\000U\000t\000i\000l\000s\000.\000U\000I\000.\000C\000o\000n\000t\000r\000o\000l\000s\000\040\000C\000l\000a\000s\000s\000\040\000R\000e\000f\000e\000r\000e\000n\000c\000e}{chapter.7}% 50
\BOOKMARK [2][-]{subsection.7.13.1}{\376\377\0007\000.\0001\0003\000.\0001\000\040\000D\000e\000t\000a\000i\000l\000e\000d\000\040\000D\000e\000s\000c\000r\000i\000p\000t\000i\000o\000n}{section.7.13}% 51
\BOOKMARK [1][-]{section.7.14}{\376\377\0007\000.\0001\0004\000\040\000C\000P\000r\000e\000s\000e\000n\000c\000e\000\040\000C\000l\000a\000s\000s\000\040\000R\000e\000f\000e\000r\000e\000n\000c\000e}{chapter.7}% 52
\BOOKMARK [2][-]{subsection.7.14.1}{\376\377\0007\000.\0001\0004\000.\0001\000\040\000D\000e\000t\000a\000i\000l\000e\000d\000\040\000D\000e\000s\000c\000r\000i\000p\000t\000i\000o\000n}{section.7.14}% 53
\BOOKMARK [1][-]{section.7.15}{\376\377\0007\000.\0001\0005\000\040\000C\000S\000h\000a\000d\000e\000\040\000C\000l\000a\000s\000s\000\040\000R\000e\000f\000e\000r\000e\000n\000c\000e}{chapter.7}% 54
\BOOKMARK [2][-]{subsection.7.15.1}{\376\377\0007\000.\0001\0005\000.\0001\000\040\000D\000e\000t\000a\000i\000l\000e\000d\000\040\000D\000e\000s\000c\000r\000i\000p\000t\000i\000o\000n}{section.7.15}% 55
\BOOKMARK [1][-]{section.7.16}{\376\377\0007\000.\0001\0006\000\040\000C\000S\000h\000a\000d\000e\000s\000\040\000C\000l\000a\000s\000s\000\040\000R\000e\000f\000e\000r\000e\000n\000c\000e}{chapter.7}% 56
\BOOKMARK [2][-]{subsection.7.16.1}{\376\377\0007\000.\0001\0006\000.\0001\000\040\000D\000e\000t\000a\000i\000l\000e\000d\000\040\000D\000e\000s\000c\000r\000i\000p\000t\000i\000o\000n}{section.7.16}% 57
\BOOKMARK [1][-]{section.7.17}{\376\377\0007\000.\0001\0007\000\040\000C\000W\000i\000n\000d\000o\000w\000\040\000C\000l\000a\000s\000s\000\040\000R\000e\000f\000e\000r\000e\000n\000c\000e}{chapter.7}% 58
\BOOKMARK [2][-]{subsection.7.17.1}{\376\377\0007\000.\0001\0007\000.\0001\000\040\000D\000e\000t\000a\000i\000l\000e\000d\000\040\000D\000e\000s\000c\000r\000i\000p\000t\000i\000o\000n}{section.7.17}% 59
\BOOKMARK [1][-]{section.7.18}{\376\377\0007\000.\0001\0008\000\040\000C\000W\000i\000n\000d\000o\000w\000s\000\040\000C\000l\000a\000s\000s\000\040\000R\000e\000f\000e\000r\000e\000n\000c\000e}{chapter.7}% 60
\BOOKMARK [2][-]{subsection.7.18.1}{\376\377\0007\000.\0001\0008\000.\0001\000\040\000D\000e\000t\000a\000i\000l\000e\000d\000\040\000D\000e\000s\000c\000r\000i\000p\000t\000i\000o\000n}{section.7.18}% 61
\BOOKMARK [1][-]{section.7.19}{\376\377\0007\000.\0001\0009\000\040\000C\000Z\000o\000n\000e\000\040\000C\000l\000a\000s\000s\000\040\000R\000e\000f\000e\000r\000e\000n\000c\000e}{chapter.7}% 62
\BOOKMARK [2][-]{subsection.7.19.1}{\376\377\0007\000.\0001\0009\000.\0001\000\040\000D\000e\000t\000a\000i\000l\000e\000d\000\040\000D\000e\000s\000c\000r\000i\000p\000t\000i\000o\000n}{section.7.19}% 63
\BOOKMARK [1][-]{section.7.20}{\376\377\0007\000.\0002\0000\000\040\000U\000t\000i\000l\000s\000.\000U\000I\000.\000C\000o\000n\000t\000r\000o\000l\000s\000.\000D\000r\000o\000p\000D\000o\000w\000n\000L\000i\000s\000t\000\040\000C\000l\000a\000s\000s\000\040\000R\000e\000f\000e\000r\000e\000n\000c\000e}{chapter.7}% 64
\BOOKMARK [2][-]{subsection.7.20.1}{\376\377\0007\000.\0002\0000\000.\0001\000\040\000D\000e\000t\000a\000i\000l\000e\000d\000\040\000D\000e\000s\000c\000r\000i\000p\000t\000i\000o\000n}{section.7.20}% 65
\BOOKMARK [1][-]{section.7.21}{\376\377\0007\000.\0002\0001\000\040\000F\000r\000m\000B\000u\000i\000l\000d\000i\000n\000g\000\040\000C\000l\000a\000s\000s\000\040\000R\000e\000f\000e\000r\000e\000n\000c\000e}{chapter.7}% 66
\BOOKMARK [2][-]{subsection.7.21.1}{\376\377\0007\000.\0002\0001\000.\0001\000\040\000D\000e\000t\000a\000i\000l\000e\000d\000\040\000D\000e\000s\000c\000r\000i\000p\000t\000i\000o\000n}{section.7.21}% 67
\BOOKMARK [1][-]{section.7.22}{\376\377\0007\000.\0002\0002\000\040\000F\000r\000m\000C\000o\000n\000f\000i\000g\000u\000r\000a\000t\000i\000o\000n\000\040\000C\000l\000a\000s\000s\000\040\000R\000e\000f\000e\000r\000e\000n\000c\000e}{chapter.7}% 68
\BOOKMARK [2][-]{subsection.7.22.1}{\376\377\0007\000.\0002\0002\000.\0001\000\040\000D\000e\000t\000a\000i\000l\000e\000d\000\040\000D\000e\000s\000c\000r\000i\000p\000t\000i\000o\000n}{section.7.22}% 69
\BOOKMARK [1][-]{section.7.23}{\376\377\0007\000.\0002\0003\000\040\000F\000r\000m\000E\000m\000p\000t\000y\000\040\000C\000l\000a\000s\000s\000\040\000R\000e\000f\000e\000r\000e\000n\000c\000e}{chapter.7}% 70
\BOOKMARK [2][-]{subsection.7.23.1}{\376\377\0007\000.\0002\0003\000.\0001\000\040\000D\000e\000t\000a\000i\000l\000e\000d\000\040\000D\000e\000s\000c\000r\000i\000p\000t\000i\000o\000n}{section.7.23}% 71
\BOOKMARK [1][-]{section.7.24}{\376\377\0007\000.\0002\0004\000\040\000F\000r\000m\000L\000i\000g\000h\000t\000s\000\040\000C\000l\000a\000s\000s\000\040\000R\000e\000f\000e\000r\000e\000n\000c\000e}{chapter.7}% 72
\BOOKMARK [2][-]{subsection.7.24.1}{\376\377\0007\000.\0002\0004\000.\0001\000\040\000D\000e\000t\000a\000i\000l\000e\000d\000\040\000D\000e\000s\000c\000r\000i\000p\000t\000i\000o\000n}{section.7.24}% 73
\BOOKMARK [1][-]{section.7.25}{\376\377\0007\000.\0002\0005\000\040\000F\000r\000m\000L\000i\000s\000t\000O\000f\000Z\000o\000n\000e\000s\000V\000e\000r\000i\000f\000i\000c\000a\000t\000i\000o\000n\000\040\000C\000l\000a\000s\000s\000\040\000R\000e\000f\000e\000r\000e\000n\000c\000e}{chapter.7}% 74
\BOOKMARK [2][-]{subsection.7.25.1}{\376\377\0007\000.\0002\0005\000.\0001\000\040\000D\000e\000t\000a\000i\000l\000e\000d\000\040\000D\000e\000s\000c\000r\000i\000p\000t\000i\000o\000n}{section.7.25}% 75
\BOOKMARK [1][-]{section.7.26}{\376\377\0007\000.\0002\0006\000\040\000F\000r\000m\000L\000o\000g\000\040\000C\000l\000a\000s\000s\000\040\000R\000e\000f\000e\000r\000e\000n\000c\000e}{chapter.7}% 76
\BOOKMARK [2][-]{subsection.7.26.1}{\376\377\0007\000.\0002\0006\000.\0001\000\040\000D\000e\000t\000a\000i\000l\000e\000d\000\040\000D\000e\000s\000c\000r\000i\000p\000t\000i\000o\000n}{section.7.26}% 77
\BOOKMARK [1][-]{section.7.27}{\376\377\0007\000.\0002\0007\000\040\000F\000r\000m\000O\000c\000c\000u\000p\000a\000n\000t\000\040\000C\000l\000a\000s\000s\000\040\000R\000e\000f\000e\000r\000e\000n\000c\000e}{chapter.7}% 78
\BOOKMARK [2][-]{subsection.7.27.1}{\376\377\0007\000.\0002\0007\000.\0001\000\040\000D\000e\000t\000a\000i\000l\000e\000d\000\040\000D\000e\000s\000c\000r\000i\000p\000t\000i\000o\000n}{section.7.27}% 79
\BOOKMARK [1][-]{section.7.28}{\376\377\0007\000.\0002\0008\000\040\000F\000r\000m\000O\000c\000c\000u\000p\000a\000n\000t\000T\000e\000m\000p\000l\000a\000t\000e\000s\000\040\000C\000l\000a\000s\000s\000\040\000R\000e\000f\000e\000r\000e\000n\000c\000e}{chapter.7}% 80
\BOOKMARK [2][-]{subsection.7.28.1}{\376\377\0007\000.\0002\0008\000.\0001\000\040\000D\000e\000t\000a\000i\000l\000e\000d\000\040\000D\000e\000s\000c\000r\000i\000p\000t\000i\000o\000n}{section.7.28}% 81
\BOOKMARK [2][-]{subsection.7.28.2}{\376\377\0007\000.\0002\0008\000.\0002\000\040\000M\000e\000m\000b\000e\000r\000\040\000D\000a\000t\000a\000\040\000D\000o\000c\000u\000m\000e\000n\000t\000a\000t\000i\000o\000n}{section.7.28}% 82
\BOOKMARK [3][-]{subsubsection.7.28.2.1}{\376\377\0007\000.\0002\0008\000.\0002\000.\0001\000\040\000t\000o\000p}{subsection.7.28.2}% 83
\BOOKMARK [1][-]{section.7.29}{\376\377\0007\000.\0002\0009\000\040\000F\000r\000m\000P\000l\000o\000t\000s\000\040\000C\000l\000a\000s\000s\000\040\000R\000e\000f\000e\000r\000e\000n\000c\000e}{chapter.7}% 84
\BOOKMARK [2][-]{subsection.7.29.1}{\376\377\0007\000.\0002\0009\000.\0001\000\040\000D\000e\000t\000a\000i\000l\000e\000d\000\040\000D\000e\000s\000c\000r\000i\000p\000t\000i\000o\000n}{section.7.29}% 85
\BOOKMARK [2][-]{subsection.7.29.2}{\376\377\0007\000.\0002\0009\000.\0002\000\040\000M\000e\000m\000b\000e\000r\000\040\000D\000a\000t\000a\000\040\000D\000o\000c\000u\000m\000e\000n\000t\000a\000t\000i\000o\000n}{section.7.29}% 86
\BOOKMARK [3][-]{subsubsection.7.29.2.1}{\376\377\0007\000.\0002\0009\000.\0002\000.\0001\000\040\000m\000o\000n\000t\000h\000b\000i\000n\000s}{subsection.7.29.2}% 87
\BOOKMARK [1][-]{section.7.30}{\376\377\0007\000.\0003\0000\000\040\000F\000r\000m\000P\000r\000e\000s\000e\000n\000c\000e\000\040\000C\000l\000a\000s\000s\000\040\000R\000e\000f\000e\000r\000e\000n\000c\000e}{chapter.7}% 88
\BOOKMARK [2][-]{subsection.7.30.1}{\376\377\0007\000.\0003\0000\000.\0001\000\040\000D\000e\000t\000a\000i\000l\000e\000d\000\040\000D\000e\000s\000c\000r\000i\000p\000t\000i\000o\000n}{section.7.30}% 89
\BOOKMARK [1][-]{section.7.31}{\376\377\0007\000.\0003\0001\000\040\000F\000r\000m\000R\000u\000n\000\040\000C\000l\000a\000s\000s\000\040\000R\000e\000f\000e\000r\000e\000n\000c\000e}{chapter.7}% 90
\BOOKMARK [2][-]{subsection.7.31.1}{\376\377\0007\000.\0003\0001\000.\0001\000\040\000D\000e\000t\000a\000i\000l\000e\000d\000\040\000D\000e\000s\000c\000r\000i\000p\000t\000i\000o\000n}{section.7.31}% 91
\BOOKMARK [1][-]{section.7.32}{\376\377\0007\000.\0003\0002\000\040\000F\000r\000m\000S\000h\000a\000d\000e\000\040\000C\000l\000a\000s\000s\000\040\000R\000e\000f\000e\000r\000e\000n\000c\000e}{chapter.7}% 92
\BOOKMARK [2][-]{subsection.7.32.1}{\376\377\0007\000.\0003\0002\000.\0001\000\040\000D\000e\000t\000a\000i\000l\000e\000d\000\040\000D\000e\000s\000c\000r\000i\000p\000t\000i\000o\000n}{section.7.32}% 93
\BOOKMARK [1][-]{section.7.33}{\376\377\0007\000.\0003\0003\000\040\000F\000r\000m\000S\000h\000a\000d\000e\000s\000\040\000C\000l\000a\000s\000s\000\040\000R\000e\000f\000e\000r\000e\000n\000c\000e}{chapter.7}% 94
\BOOKMARK [2][-]{subsection.7.33.1}{\376\377\0007\000.\0003\0003\000.\0001\000\040\000D\000e\000t\000a\000i\000l\000e\000d\000\040\000D\000e\000s\000c\000r\000i\000p\000t\000i\000o\000n}{section.7.33}% 95
\BOOKMARK [1][-]{section.7.34}{\376\377\0007\000.\0003\0004\000\040\000F\000r\000m\000W\000i\000n\000d\000o\000w\000\040\000C\000l\000a\000s\000s\000\040\000R\000e\000f\000e\000r\000e\000n\000c\000e}{chapter.7}% 96
\BOOKMARK [2][-]{subsection.7.34.1}{\376\377\0007\000.\0003\0004\000.\0001\000\040\000D\000e\000t\000a\000i\000l\000e\000d\000\040\000D\000e\000s\000c\000r\000i\000p\000t\000i\000o\000n}{section.7.34}% 97
\BOOKMARK [1][-]{section.7.35}{\376\377\0007\000.\0003\0005\000\040\000F\000r\000m\000W\000i\000n\000d\000o\000w\000s\000\040\000C\000l\000a\000s\000s\000\040\000R\000e\000f\000e\000r\000e\000n\000c\000e}{chapter.7}% 98
\BOOKMARK [2][-]{subsection.7.35.1}{\376\377\0007\000.\0003\0005\000.\0001\000\040\000D\000e\000t\000a\000i\000l\000e\000d\000\040\000D\000e\000s\000c\000r\000i\000p\000t\000i\000o\000n}{section.7.35}% 99
\BOOKMARK [1][-]{section.7.36}{\376\377\0007\000.\0003\0006\000\040\000F\000r\000m\000Z\000o\000n\000e\000\040\000C\000l\000a\000s\000s\000\040\000R\000e\000f\000e\000r\000e\000n\000c\000e}{chapter.7}% 100
\BOOKMARK [2][-]{subsection.7.36.1}{\376\377\0007\000.\0003\0006\000.\0001\000\040\000D\000e\000t\000a\000i\000l\000e\000d\000\040\000D\000e\000s\000c\000r\000i\000p\000t\000i\000o\000n}{section.7.36}% 101
\BOOKMARK [1][-]{section.7.37}{\376\377\0007\000.\0003\0007\000\040\000U\000t\000i\000l\000s\000.\000F\000u\000n\000c\000t\000i\000o\000n\000s\000\040\000C\000l\000a\000s\000s\000\040\000R\000e\000f\000e\000r\000e\000n\000c\000e}{chapter.7}% 102
\BOOKMARK [2][-]{subsection.7.37.1}{\376\377\0007\000.\0003\0007\000.\0001\000\040\000D\000e\000t\000a\000i\000l\000e\000d\000\040\000D\000e\000s\000c\000r\000i\000p\000t\000i\000o\000n}{section.7.37}% 103
\BOOKMARK [1][-]{section.7.38}{\376\377\0007\000.\0003\0008\000\040\000S\000i\000m\000u\000l\000a\000t\000i\000o\000n\000.\000N\000o\000M\000A\000S\000S\000M\000o\000d\000e\000l\000s\000.\000H\000e\000a\000t\000i\000n\000g\000\040\000C\000l\000a\000s\000s\000\040\000R\000e\000f\000e\000r\000e\000n\000c\000e}{chapter.7}% 104
\BOOKMARK [2][-]{subsection.7.38.1}{\376\377\0007\000.\0003\0008\000.\0001\000\040\000D\000e\000t\000a\000i\000l\000e\000d\000\040\000D\000e\000s\000c\000r\000i\000p\000t\000i\000o\000n}{section.7.38}% 105
\BOOKMARK [1][-]{section.7.39}{\376\377\0007\000.\0003\0009\000\040\000U\000t\000i\000l\000s\000.\000R\000e\000s\000o\000u\000r\000c\000e\000s\000.\000I\000c\000o\000n\000s\000\040\000C\000l\000a\000s\000s\000\040\000R\000e\000f\000e\000r\000e\000n\000c\000e}{chapter.7}% 106
\BOOKMARK [2][-]{subsection.7.39.1}{\376\377\0007\000.\0003\0009\000.\0001\000\040\000D\000e\000t\000a\000i\000l\000e\000d\000\040\000D\000e\000s\000c\000r\000i\000p\000t\000i\000o\000n}{section.7.39}% 107
\BOOKMARK [1][-]{section.7.40}{\376\377\0007\000.\0004\0000\000\040\000U\000t\000i\000l\000s\000.\000I\000O\000\040\000C\000l\000a\000s\000s\000\040\000R\000e\000f\000e\000r\000e\000n\000c\000e}{chapter.7}% 108
\BOOKMARK [2][-]{subsection.7.40.1}{\376\377\0007\000.\0004\0000\000.\0001\000\040\000D\000e\000t\000a\000i\000l\000e\000d\000\040\000D\000e\000s\000c\000r\000i\000p\000t\000i\000o\000n}{section.7.40}% 109
\BOOKMARK [1][-]{section.7.41}{\376\377\0007\000.\0004\0001\000\040\000S\000i\000m\000u\000l\000a\000t\000i\000o\000n\000.\000N\000o\000M\000A\000S\000S\000M\000o\000d\000e\000l\000s\000.\000L\000i\000g\000h\000t\000s\000\040\000C\000l\000a\000s\000s\000\040\000R\000e\000f\000e\000r\000e\000n\000c\000e}{chapter.7}% 110
\BOOKMARK [2][-]{subsection.7.41.1}{\376\377\0007\000.\0004\0001\000.\0001\000\040\000D\000e\000t\000a\000i\000l\000e\000d\000\040\000D\000e\000s\000c\000r\000i\000p\000t\000i\000o\000n}{section.7.41}% 111
\BOOKMARK [1][-]{section.7.42}{\376\377\0007\000.\0004\0002\000\040\000U\000t\000i\000l\000s\000.\000U\000I\000.\000C\000o\000n\000t\000r\000o\000l\000s\000.\000L\000s\000t\000B\000o\000x\000\040\000C\000l\000a\000s\000s\000\040\000R\000e\000f\000e\000r\000e\000n\000c\000e}{chapter.7}% 112
\BOOKMARK [2][-]{subsection.7.42.1}{\376\377\0007\000.\0004\0002\000.\0001\000\040\000D\000e\000t\000a\000i\000l\000e\000d\000\040\000D\000e\000s\000c\000r\000i\000p\000t\000i\000o\000n}{section.7.42}% 113
\BOOKMARK [1][-]{section.7.43}{\376\377\0007\000.\0004\0003\000\040\000S\000i\000m\000u\000l\000a\000t\000i\000o\000n\000.\000N\000o\000M\000A\000S\000S\000M\000o\000d\000e\000l\000s\000\040\000C\000l\000a\000s\000s\000\040\000R\000e\000f\000e\000r\000e\000n\000c\000e}{chapter.7}% 114
\BOOKMARK [2][-]{subsection.7.43.1}{\376\377\0007\000.\0004\0003\000.\0001\000\040\000D\000e\000t\000a\000i\000l\000e\000d\000\040\000D\000e\000s\000c\000r\000i\000p\000t\000i\000o\000n}{section.7.43}% 115
\BOOKMARK [1][-]{section.7.44}{\376\377\0007\000.\0004\0004\000\040\000S\000i\000m\000u\000l\000a\000t\000i\000o\000n\000.\000B\000u\000i\000l\000d\000i\000n\000g\000.\000O\000c\000c\000u\000p\000a\000n\000t\000\040\000C\000l\000a\000s\000s\000\040\000R\000e\000f\000e\000r\000e\000n\000c\000e}{chapter.7}% 116
\BOOKMARK [2][-]{subsection.7.44.1}{\376\377\0007\000.\0004\0004\000.\0001\000\040\000D\000e\000t\000a\000i\000l\000e\000d\000\040\000D\000e\000s\000c\000r\000i\000p\000t\000i\000o\000n}{section.7.44}% 117
\BOOKMARK [1][-]{section.7.45}{\376\377\0007\000.\0004\0005\000\040\000S\000i\000m\000u\000l\000a\000t\000i\000o\000n\000.\000N\000o\000M\000A\000S\000S\000M\000o\000d\000e\000l\000s\000.\000P\000r\000e\000s\000e\000n\000c\000e\000\040\000C\000l\000a\000s\000s\000\040\000R\000e\000f\000e\000r\000e\000n\000c\000e}{chapter.7}% 118
\BOOKMARK [2][-]{subsection.7.45.1}{\376\377\0007\000.\0004\0005\000.\0001\000\040\000D\000e\000t\000a\000i\000l\000e\000d\000\040\000D\000e\000s\000c\000r\000i\000p\000t\000i\000o\000n}{section.7.45}% 119
\BOOKMARK [1][-]{section.7.46}{\376\377\0007\000.\0004\0006\000\040\000S\000i\000m\000u\000l\000a\000t\000i\000o\000n\000.\000B\000u\000i\000l\000d\000i\000n\000g\000.\000O\000c\000c\000u\000p\000a\000n\000t\000.\000P\000r\000o\000f\000i\000l\000e\000\040\000C\000l\000a\000s\000s\000\040\000R\000e\000f\000e\000r\000e\000n\000c\000e}{chapter.7}% 120
\BOOKMARK [2][-]{subsection.7.46.1}{\376\377\0007\000.\0004\0006\000.\0001\000\040\000D\000e\000t\000a\000i\000l\000e\000d\000\040\000D\000e\000s\000c\000r\000i\000p\000t\000i\000o\000n}{section.7.46}% 121
\BOOKMARK [1][-]{section.7.47}{\376\377\0007\000.\0004\0007\000\040\000U\000t\000i\000l\000s\000.\000R\000e\000s\000o\000u\000r\000c\000e\000s\000\040\000C\000l\000a\000s\000s\000\040\000R\000e\000f\000e\000r\000e\000n\000c\000e}{chapter.7}% 122
\BOOKMARK [2][-]{subsection.7.47.1}{\376\377\0007\000.\0004\0007\000.\0001\000\040\000D\000e\000t\000a\000i\000l\000e\000d\000\040\000D\000e\000s\000c\000r\000i\000p\000t\000i\000o\000n}{section.7.47}% 123
\BOOKMARK [1][-]{section.7.48}{\376\377\0007\000.\0004\0008\000\040\000U\000t\000i\000l\000s\000.\000U\000I\000.\000C\000o\000n\000t\000r\000o\000l\000s\000.\000S\000c\000r\000o\000l\000l\000a\000b\000l\000e\000C\000o\000n\000t\000a\000i\000n\000e\000r\000\040\000C\000l\000a\000s\000s\000\040\000R\000e\000f\000e\000r\000e\000n\000c\000e}{chapter.7}% 124
\BOOKMARK [2][-]{subsection.7.48.1}{\376\377\0007\000.\0004\0008\000.\0001\000\040\000D\000e\000t\000a\000i\000l\000e\000d\000\040\000D\000e\000s\000c\000r\000i\000p\000t\000i\000o\000n}{section.7.48}% 125
\BOOKMARK [1][-]{section.7.49}{\376\377\0007\000.\0004\0009\000\040\000U\000t\000i\000l\000s\000.\000U\000I\000.\000C\000o\000n\000t\000r\000o\000l\000s\000.\000S\000c\000r\000o\000l\000l\000e\000d\000T\000r\000e\000e\000V\000i\000e\000w\000\040\000C\000l\000a\000s\000s\000\040\000R\000e\000f\000e\000r\000e\000n\000c\000e}{chapter.7}% 126
\BOOKMARK [2][-]{subsection.7.49.1}{\376\377\0007\000.\0004\0009\000.\0001\000\040\000D\000e\000t\000a\000i\000l\000e\000d\000\040\000D\000e\000s\000c\000r\000i\000p\000t\000i\000o\000n}{section.7.49}% 127
\BOOKMARK [1][-]{section.7.50}{\376\377\0007\000.\0005\0000\000\040\000S\000i\000m\000u\000l\000a\000t\000i\000o\000n\000.\000N\000o\000M\000A\000S\000S\000M\000o\000d\000e\000l\000s\000.\000S\000h\000a\000d\000e\000s\000.\000S\000h\000a\000d\000e\000\040\000C\000l\000a\000s\000s\000\040\000R\000e\000f\000e\000r\000e\000n\000c\000e}{chapter.7}% 128
\BOOKMARK [2][-]{subsection.7.50.1}{\376\377\0007\000.\0005\0000\000.\0001\000\040\000D\000e\000t\000a\000i\000l\000e\000d\000\040\000D\000e\000s\000c\000r\000i\000p\000t\000i\000o\000n}{section.7.50}% 129
\BOOKMARK [1][-]{section.7.51}{\376\377\0007\000.\0005\0001\000\040\000S\000i\000m\000u\000l\000a\000t\000i\000o\000n\000.\000N\000o\000M\000A\000S\000S\000M\000o\000d\000e\000l\000s\000.\000S\000h\000a\000d\000e\000s\000\040\000C\000l\000a\000s\000s\000\040\000R\000e\000f\000e\000r\000e\000n\000c\000e}{chapter.7}% 130
\BOOKMARK [2][-]{subsection.7.51.1}{\376\377\0007\000.\0005\0001\000.\0001\000\040\000D\000e\000t\000a\000i\000l\000e\000d\000\040\000D\000e\000s\000c\000r\000i\000p\000t\000i\000o\000n}{section.7.51}% 131
\BOOKMARK [1][-]{section.7.52}{\376\377\0007\000.\0005\0002\000\040\000S\000i\000m\000u\000l\000a\000t\000i\000o\000n\000\040\000C\000l\000a\000s\000s\000\040\000R\000e\000f\000e\000r\000e\000n\000c\000e}{chapter.7}% 132
\BOOKMARK [2][-]{subsection.7.52.1}{\376\377\0007\000.\0005\0002\000.\0001\000\040\000D\000e\000t\000a\000i\000l\000e\000d\000\040\000D\000e\000s\000c\000r\000i\000p\000t\000i\000o\000n}{section.7.52}% 133
\BOOKMARK [1][-]{section.7.53}{\376\377\0007\000.\0005\0003\000\040\000T\000o\000o\000l\000T\000i\000p\000\040\000C\000l\000a\000s\000s\000\040\000R\000e\000f\000e\000r\000e\000n\000c\000e}{chapter.7}% 134
\BOOKMARK [2][-]{subsection.7.53.1}{\376\377\0007\000.\0005\0003\000.\0001\000\040\000D\000e\000t\000a\000i\000l\000e\000d\000\040\000D\000e\000s\000c\000r\000i\000p\000t\000i\000o\000n}{section.7.53}% 135
\BOOKMARK [1][-]{section.7.54}{\376\377\0007\000.\0005\0004\000\040\000U\000t\000i\000l\000s\000.\000U\000I\000\040\000C\000l\000a\000s\000s\000\040\000R\000e\000f\000e\000r\000e\000n\000c\000e}{chapter.7}% 136
\BOOKMARK [2][-]{subsection.7.54.1}{\376\377\0007\000.\0005\0004\000.\0001\000\040\000D\000e\000t\000a\000i\000l\000e\000d\000\040\000D\000e\000s\000c\000r\000i\000p\000t\000i\000o\000n}{section.7.54}% 137
\BOOKMARK [1][-]{section.7.55}{\376\377\0007\000.\0005\0005\000\040\000U\000t\000i\000l\000s\000\040\000C\000l\000a\000s\000s\000\040\000R\000e\000f\000e\000r\000e\000n\000c\000e}{chapter.7}% 138
\BOOKMARK [2][-]{subsection.7.55.1}{\376\377\0007\000.\0005\0005\000.\0001\000\040\000D\000e\000t\000a\000i\000l\000e\000d\000\040\000D\000e\000s\000c\000r\000i\000p\000t\000i\000o\000n}{section.7.55}% 139
\BOOKMARK [1][-]{section.7.56}{\376\377\0007\000.\0005\0006\000\040\000S\000i\000m\000u\000l\000a\000t\000i\000o\000n\000.\000N\000o\000M\000A\000S\000S\000M\000o\000d\000e\000l\000s\000.\000W\000i\000n\000d\000o\000w\000s\000.\000W\000i\000n\000d\000o\000w\000\040\000C\000l\000a\000s\000s\000\040\000R\000e\000f\000e\000r\000e\000n\000c\000e}{chapter.7}% 140
\BOOKMARK [2][-]{subsection.7.56.1}{\376\377\0007\000.\0005\0006\000.\0001\000\040\000D\000e\000t\000a\000i\000l\000e\000d\000\040\000D\000e\000s\000c\000r\000i\000p\000t\000i\000o\000n}{section.7.56}% 141
\BOOKMARK [1][-]{section.7.57}{\376\377\0007\000.\0005\0007\000\040\000S\000i\000m\000u\000l\000a\000t\000i\000o\000n\000.\000N\000o\000M\000A\000S\000S\000M\000o\000d\000e\000l\000s\000.\000W\000i\000n\000d\000o\000w\000s\000\040\000C\000l\000a\000s\000s\000\040\000R\000e\000f\000e\000r\000e\000n\000c\000e}{chapter.7}% 142
\BOOKMARK [2][-]{subsection.7.57.1}{\376\377\0007\000.\0005\0007\000.\0001\000\040\000D\000e\000t\000a\000i\000l\000e\000d\000\040\000D\000e\000s\000c\000r\000i\000p\000t\000i\000o\000n}{section.7.57}% 143
\BOOKMARK [1][-]{section.7.58}{\376\377\0007\000.\0005\0008\000\040\000U\000t\000i\000l\000s\000.\000X\000M\000L\000\040\000C\000l\000a\000s\000s\000\040\000R\000e\000f\000e\000r\000e\000n\000c\000e}{chapter.7}% 144
\BOOKMARK [2][-]{subsection.7.58.1}{\376\377\0007\000.\0005\0008\000.\0001\000\040\000D\000e\000t\000a\000i\000l\000e\000d\000\040\000D\000e\000s\000c\000r\000i\000p\000t\000i\000o\000n}{section.7.58}% 145
\BOOKMARK [1][-]{section.7.59}{\376\377\0007\000.\0005\0009\000\040\000S\000i\000m\000u\000l\000a\000t\000i\000o\000n\000.\000B\000u\000i\000l\000d\000i\000n\000g\000.\000Z\000o\000n\000e\000\040\000C\000l\000a\000s\000s\000\040\000R\000e\000f\000e\000r\000e\000n\000c\000e}{chapter.7}% 146
\BOOKMARK [2][-]{subsection.7.59.1}{\376\377\0007\000.\0005\0009\000.\0001\000\040\000D\000e\000t\000a\000i\000l\000e\000d\000\040\000D\000e\000s\000c\000r\000i\000p\000t\000i\000o\000n}{section.7.59}% 147
\BOOKMARK [0][-]{section*.189}{\376\377\000I\000n\000d\000e\000x}{}% 148
